<?xml version="1.0" encoding="UTF-8"?>
<!-- Generated by org.testng.reporters.JUnitXMLReporter -->
<testsuite ignored="0" hostname="Rishi_2021" failures="0" tests="8" name="Default test" time="12.787" errors="0" timestamp="2024-11-08T14:34:07 IST">
  <testcase classname="api.test.DataDrivenTests" name="testPostUser" time="2.932"/>
  <testcase classname="api.test.DataDrivenTests" name="testPostUser" time="1.236"/>
  <testcase classname="api.test.DataDrivenTests" name="testPostUser" time="1.193"/>
  <testcase classname="api.test.DataDrivenTests" name="testPostUser" time="1.22"/>
  <testcase classname="api.test.DataDrivenTests" name="testDeleteUserByName" time="1.239"/>
  <testcase classname="api.test.DataDrivenTests" name="testDeleteUserByName" time="1.252"/>
  <testcase classname="api.test.DataDrivenTests" name="testDeleteUserByName" time="1.272"/>
  <testcase classname="api.test.DataDrivenTests" name="testDeleteUserByName" time="1.243"/>
</testsuite> <!-- Default test -->
