<?xml version="1.0" encoding="UTF-8"?>
<!-- Generated by org.testng.reporters.JUnitXMLReporter -->
<testsuite ignored="0" hostname="Rishi_2021" failures="0" tests="4" name="Test" time="8.934" errors="0" timestamp="2024-11-09T23:31:18 IST">
  <testcase classname="api.test.UserTestsProperties" name="testPostUser" time="3.187"/>
  <testcase classname="api.test.UserTestsProperties" name="testGetUserByName" time="1.226"/>
  <testcase classname="api.test.UserTestsProperties" name="testUpdateUserByName" time="2.497"/>
  <testcase classname="api.test.UserTestsProperties" name="testDeleteUser" time="1.245"/>
</testsuite> <!-- Test -->
