<?xml version="1.0" encoding="UTF-8"?>
<!-- Generated by org.testng.reporters.JUnitXMLReporter -->
<testsuite ignored="0" hostname="Rishi_2021" failures="0" tests="4" name="Test" time="9.671" errors="0" timestamp="2024-11-10T00:28:22 IST">
  <testcase classname="api.test.UserTestsProperties" name="testPostUser" time="3.316"/>
  <testcase classname="api.test.UserTestsProperties" name="testGetUserByName" time="1.292"/>
  <testcase classname="api.test.UserTestsProperties" name="testUpdateUserByName" time="2.921"/>
  <testcase classname="api.test.UserTestsProperties" name="testDeleteUser" time="1.338"/>
</testsuite> <!-- Test -->
