<?xml version="1.0" encoding="UTF-8"?>
<testng-results ignored="0" total="4" passed="4" failed="0" skipped="0">
  <reporter-output>
  </reporter-output>
  <suite started-at="2024-11-10T00:28:12 IST" name="Suite" finished-at="2024-11-10T00:28:21 IST" duration-ms="9671">
    <groups>
    </groups>
    <test started-at="2024-11-10T00:28:12 IST" name="Test" finished-at="2024-11-10T00:28:21 IST" duration-ms="9671">
      <class name="api.test.UserTestsProperties">
        <test-method is-config="true" signature="setupData()[pri:0, instance:api.test.UserTestsProperties@1189dd52]" started-at="2024-11-10T00:28:12 IST" name="setupData" finished-at="2024-11-10T00:28:12 IST" duration-ms="561" status="PASS">
          <reporter-output>
          </reporter-output>
        </test-method> <!-- setupData -->
        <test-method signature="testPostUser()[pri:1, instance:api.test.UserTestsProperties@1189dd52]" started-at="2024-11-10T00:28:12 IST" name="testPostUser" finished-at="2024-11-10T00:28:16 IST" duration-ms="3316" status="PASS">
          <reporter-output>
          </reporter-output>
        </test-method> <!-- testPostUser -->
        <test-method signature="testGetUserByName()[pri:2, instance:api.test.UserTestsProperties@1189dd52]" started-at="2024-11-10T00:28:16 IST" name="testGetUserByName" finished-at="2024-11-10T00:28:17 IST" duration-ms="1292" status="PASS">
          <reporter-output>
          </reporter-output>
        </test-method> <!-- testGetUserByName -->
        <test-method signature="testUpdateUserByName()[pri:3, instance:api.test.UserTestsProperties@1189dd52]" started-at="2024-11-10T00:28:17 IST" name="testUpdateUserByName" finished-at="2024-11-10T00:28:20 IST" duration-ms="2921" status="PASS">
          <reporter-output>
          </reporter-output>
        </test-method> <!-- testUpdateUserByName -->
        <test-method signature="testDeleteUser()[pri:4, instance:api.test.UserTestsProperties@1189dd52]" started-at="2024-11-10T00:28:20 IST" name="testDeleteUser" finished-at="2024-11-10T00:28:21 IST" duration-ms="1338" status="PASS">
          <reporter-output>
          </reporter-output>
        </test-method> <!-- testDeleteUser -->
      </class> <!-- api.test.UserTestsProperties -->
    </test> <!-- Test -->
  </suite> <!-- Suite -->
</testng-results>
