<?xml version="1.0" encoding="UTF-8"?>
<testng-results ignored="0" total="4" passed="4" failed="0" skipped="0">
  <reporter-output>
  </reporter-output>
  <suite started-at="2024-11-09T23:31:09 IST" name="Suite" finished-at="2024-11-09T23:31:18 IST" duration-ms="8934">
    <groups>
    </groups>
    <test started-at="2024-11-09T23:31:09 IST" name="Test" finished-at="2024-11-09T23:31:18 IST" duration-ms="8934">
      <class name="api.test.UserTestsProperties">
        <test-method is-config="true" signature="setupData()[pri:0, instance:api.test.UserTestsProperties@3eb738bb]" started-at="2024-11-09T23:31:09 IST" name="setupData" finished-at="2024-11-09T23:31:10 IST" duration-ms="556" status="PASS">
          <reporter-output>
          </reporter-output>
        </test-method> <!-- setupData -->
        <test-method signature="testPostUser()[pri:1, instance:api.test.UserTestsProperties@3eb738bb]" started-at="2024-11-09T23:31:10 IST" name="testPostUser" finished-at="2024-11-09T23:31:13 IST" duration-ms="3187" status="PASS">
          <reporter-output>
          </reporter-output>
        </test-method> <!-- testPostUser -->
        <test-method signature="testGetUserByName()[pri:2, instance:api.test.UserTestsProperties@3eb738bb]" started-at="2024-11-09T23:31:13 IST" name="testGetUserByName" finished-at="2024-11-09T23:31:14 IST" duration-ms="1226" status="PASS">
          <reporter-output>
          </reporter-output>
        </test-method> <!-- testGetUserByName -->
        <test-method signature="testUpdateUserByName()[pri:3, instance:api.test.UserTestsProperties@3eb738bb]" started-at="2024-11-09T23:31:14 IST" name="testUpdateUserByName" finished-at="2024-11-09T23:31:17 IST" duration-ms="2497" status="PASS">
          <reporter-output>
          </reporter-output>
        </test-method> <!-- testUpdateUserByName -->
        <test-method signature="testDeleteUser()[pri:4, instance:api.test.UserTestsProperties@3eb738bb]" started-at="2024-11-09T23:31:17 IST" name="testDeleteUser" finished-at="2024-11-09T23:31:18 IST" duration-ms="1245" status="PASS">
          <reporter-output>
          </reporter-output>
        </test-method> <!-- testDeleteUser -->
      </class> <!-- api.test.UserTestsProperties -->
    </test> <!-- Test -->
  </suite> <!-- Suite -->
</testng-results>
